-------------------------------------------------------------------------------
Test set: br.com.supersim.blog.BlogApplicationTests
-------------------------------------------------------------------------------
Tests run: 1, Failures: 0, Errors: 1, Skipped: 0, Time elapsed: 5.788 s <<< FAILURE! - in br.com.supersim.blog.BlogApplicationTests
contextLoads  Time elapsed: 0.002 s  <<< ERROR!
java.lang.IllegalStateException: Failed to load ApplicationContext
Caused by: org.springframework.beans.factory.UnsatisfiedDependencyException: Error creating bean with name 'authenticationController': Unsatisfied dependency expressed through field 'authService'; nested exception is org.springframework.beans.factory.UnsatisfiedDependencyException: Error creating bean with name 'authServiceImpl': Unsatisfied dependency expressed through field 'authenticationManager'; nested exception is org.springframework.beans.factory.UnsatisfiedDependencyException: Error creating bean with name 'securityConfigurations': Unsatisfied dependency expressed through field 'tokenService'; nested exception is org.springframework.beans.factory.UnsatisfiedDependencyException: Error creating bean with name 'tokenService': Unsatisfied dependency expressed through field 'properties'; nested exception is org.springframework.beans.factory.BeanCreationException: Error creating bean with name 'properties' defined in file [/Users/luisgustavosouzasantos/Projects/Faculdade/bk_core_blog_cars/target/classes/br/com/supersim/blog/entity/Properties.class]: Unexpected exception during bean creation; nested exception is java.lang.IllegalArgumentException: Could not resolve placeholder 'BUCKET_S3_NAME' in value "${BUCKET_S3_NAME}"
Caused by: org.springframework.beans.factory.UnsatisfiedDependencyException: Error creating bean with name 'authServiceImpl': Unsatisfied dependency expressed through field 'authenticationManager'; nested exception is org.springframework.beans.factory.UnsatisfiedDependencyException: Error creating bean with name 'securityConfigurations': Unsatisfied dependency expressed through field 'tokenService'; nested exception is org.springframework.beans.factory.UnsatisfiedDependencyException: Error creating bean with name 'tokenService': Unsatisfied dependency expressed through field 'properties'; nested exception is org.springframework.beans.factory.BeanCreationException: Error creating bean with name 'properties' defined in file [/Users/luisgustavosouzasantos/Projects/Faculdade/bk_core_blog_cars/target/classes/br/com/supersim/blog/entity/Properties.class]: Unexpected exception during bean creation; nested exception is java.lang.IllegalArgumentException: Could not resolve placeholder 'BUCKET_S3_NAME' in value "${BUCKET_S3_NAME}"
Caused by: org.springframework.beans.factory.UnsatisfiedDependencyException: Error creating bean with name 'securityConfigurations': Unsatisfied dependency expressed through field 'tokenService'; nested exception is org.springframework.beans.factory.UnsatisfiedDependencyException: Error creating bean with name 'tokenService': Unsatisfied dependency expressed through field 'properties'; nested exception is org.springframework.beans.factory.BeanCreationException: Error creating bean with name 'properties' defined in file [/Users/luisgustavosouzasantos/Projects/Faculdade/bk_core_blog_cars/target/classes/br/com/supersim/blog/entity/Properties.class]: Unexpected exception during bean creation; nested exception is java.lang.IllegalArgumentException: Could not resolve placeholder 'BUCKET_S3_NAME' in value "${BUCKET_S3_NAME}"
Caused by: org.springframework.beans.factory.UnsatisfiedDependencyException: Error creating bean with name 'tokenService': Unsatisfied dependency expressed through field 'properties'; nested exception is org.springframework.beans.factory.BeanCreationException: Error creating bean with name 'properties' defined in file [/Users/luisgustavosouzasantos/Projects/Faculdade/bk_core_blog_cars/target/classes/br/com/supersim/blog/entity/Properties.class]: Unexpected exception during bean creation; nested exception is java.lang.IllegalArgumentException: Could not resolve placeholder 'BUCKET_S3_NAME' in value "${BUCKET_S3_NAME}"
Caused by: org.springframework.beans.factory.BeanCreationException: Error creating bean with name 'properties' defined in file [/Users/luisgustavosouzasantos/Projects/Faculdade/bk_core_blog_cars/target/classes/br/com/supersim/blog/entity/Properties.class]: Unexpected exception during bean creation; nested exception is java.lang.IllegalArgumentException: Could not resolve placeholder 'BUCKET_S3_NAME' in value "${BUCKET_S3_NAME}"
Caused by: java.lang.IllegalArgumentException: Could not resolve placeholder 'BUCKET_S3_NAME' in value "${BUCKET_S3_NAME}"

